E, [2016-08-01T11:36:45.283568 #747] ERROR -- Kitchen: ------Exception-------
E, [2016-08-01T11:36:45.283727 #747] ERROR -- Kitchen: Class: Kitchen::UserError
E, [2016-08-01T11:36:45.283793 #747] ERROR -- Kitchen: Message: Kitchen YAML file /root/chef-repo/.kitchen.yml does not exist.
E, [2016-08-01T11:36:45.283847 #747] ERROR -- Kitchen: ----------------------
E, [2016-08-01T11:36:45.283897 #747] ERROR -- Kitchen: ------Backtrace-------
E, [2016-08-01T11:36:45.283946 #747] ERROR -- Kitchen: /opt/chefdk/embedded/lib/ruby/gems/2.1.0/gems/test-kitchen-1.10.2/lib/kitchen/loader/yaml.rb:74:in `read'
E, [2016-08-01T11:36:45.283997 #747] ERROR -- Kitchen: /opt/chefdk/embedded/lib/ruby/gems/2.1.0/gems/test-kitchen-1.10.2/lib/kitchen/config.rb:154:in `data'
E, [2016-08-01T11:36:45.284047 #747] ERROR -- Kitchen: /opt/chefdk/embedded/lib/ruby/gems/2.1.0/gems/test-kitchen-1.10.2/lib/kitchen/config.rb:133:in `suites'
E, [2016-08-01T11:36:45.284097 #747] ERROR -- Kitchen: /opt/chefdk/embedded/lib/ruby/gems/2.1.0/gems/test-kitchen-1.10.2/lib/kitchen/config.rb:184:in `filter_instances'
E, [2016-08-01T11:36:45.284180 #747] ERROR -- Kitchen: /opt/chefdk/embedded/lib/ruby/gems/2.1.0/gems/test-kitchen-1.10.2/lib/kitchen/config.rb:143:in `build_instances'
E, [2016-08-01T11:36:45.284233 #747] ERROR -- Kitchen: /opt/chefdk/embedded/lib/ruby/gems/2.1.0/gems/test-kitchen-1.10.2/lib/kitchen/config.rb:119:in `instances'
E, [2016-08-01T11:36:45.284284 #747] ERROR -- Kitchen: /opt/chefdk/embedded/lib/ruby/gems/2.1.0/gems/test-kitchen-1.10.2/lib/kitchen/command.rb:115:in `filtered_instances'
E, [2016-08-01T11:36:45.284334 #747] ERROR -- Kitchen: /opt/chefdk/embedded/lib/ruby/gems/2.1.0/gems/test-kitchen-1.10.2/lib/kitchen/command.rb:145:in `parse_subcommand'
E, [2016-08-01T11:36:45.284385 #747] ERROR -- Kitchen: /opt/chefdk/embedded/lib/ruby/gems/2.1.0/gems/test-kitchen-1.10.2/lib/kitchen/command/list.rb:32:in `call'
E, [2016-08-01T11:36:45.284434 #747] ERROR -- Kitchen: /opt/chefdk/embedded/lib/ruby/gems/2.1.0/gems/test-kitchen-1.10.2/lib/kitchen/cli.rb:56:in `perform'
E, [2016-08-01T11:36:45.284483 #747] ERROR -- Kitchen: /opt/chefdk/embedded/lib/ruby/gems/2.1.0/gems/test-kitchen-1.10.2/lib/kitchen/cli.rb:120:in `list'
E, [2016-08-01T11:36:45.284533 #747] ERROR -- Kitchen: /opt/chefdk/embedded/lib/ruby/gems/2.1.0/gems/thor-0.19.1/lib/thor/command.rb:27:in `run'
E, [2016-08-01T11:36:45.284583 #747] ERROR -- Kitchen: /opt/chefdk/embedded/lib/ruby/gems/2.1.0/gems/thor-0.19.1/lib/thor/invocation.rb:126:in `invoke_command'
E, [2016-08-01T11:36:45.284634 #747] ERROR -- Kitchen: /opt/chefdk/embedded/lib/ruby/gems/2.1.0/gems/test-kitchen-1.10.2/lib/kitchen/cli.rb:325:in `invoke_task'
E, [2016-08-01T11:36:45.284684 #747] ERROR -- Kitchen: /opt/chefdk/embedded/lib/ruby/gems/2.1.0/gems/thor-0.19.1/lib/thor.rb:359:in `dispatch'
E, [2016-08-01T11:36:45.284734 #747] ERROR -- Kitchen: /opt/chefdk/embedded/lib/ruby/gems/2.1.0/gems/thor-0.19.1/lib/thor/base.rb:440:in `start'
E, [2016-08-01T11:36:45.284783 #747] ERROR -- Kitchen: /opt/chefdk/embedded/lib/ruby/gems/2.1.0/gems/test-kitchen-1.10.2/bin/kitchen:13:in `block in <top (required)>'
E, [2016-08-01T11:36:45.284833 #747] ERROR -- Kitchen: /opt/chefdk/embedded/lib/ruby/gems/2.1.0/gems/test-kitchen-1.10.2/lib/kitchen/errors.rb:174:in `with_friendly_errors'
E, [2016-08-01T11:36:45.284882 #747] ERROR -- Kitchen: /opt/chefdk/embedded/lib/ruby/gems/2.1.0/gems/test-kitchen-1.10.2/bin/kitchen:13:in `<top (required)>'
E, [2016-08-01T11:36:45.284932 #747] ERROR -- Kitchen: /usr/bin/kitchen:17:in `load'
E, [2016-08-01T11:36:45.285011 #747] ERROR -- Kitchen: /usr/bin/kitchen:17:in `<main>'
E, [2016-08-01T11:36:45.285065 #747] ERROR -- Kitchen: ----End Backtrace-----
